2021-10-05 14:50:46.345074 [716, 140, -1958, -2491]
2021-10-05 14:50:47.455129 [716, 145, -1971, -2486]
2021-10-05 14:50:48.564769 [706, 150, -1977, -2489]
2021-10-05 14:50:49.674721 [708, 150, -1977, -2492]
2021-10-05 14:50:50.778031 [706, 152, -1973, -2488]
2021-10-05 14:50:51.887888 [713, 161, -1971, -2488]
2021-10-05 14:50:52.997939 [721, 123, -1973, -2490]
2021-10-05 14:50:54.097107 [698, 128, -1961, -2486]
2021-10-05 14:50:55.207228 [698, 152, -1982, -2490]
2021-10-05 14:50:56.311396 [706, 142, -1966, -2486]
2021-10-05 14:50:57.421293 [711, 123, -1987, -2490]
2021-10-05 14:50:58.525917 [698, 156, -1982, -2488]
2021-10-05 14:50:59.635783 [711, 128, -1977, -2481]
2021-10-05 14:51:00.739447 [708, 147, -1987, -2485]
2021-10-05 14:51:01.846127 [713, 145, -1956, -2487]
2021-10-05 14:51:03.056300 [713, 140, -1977, -2485]
2021-10-05 14:51:04.166352 [677, 136, -1985, -2491]
2021-10-05 14:51:05.174197 [706, 158, -1963, -2487]
2021-10-05 14:51:06.281842 [698, 145, -1977, -2494]
2021-10-05 14:51:07.289634 [701, 150, -1971, -2492]
2021-10-05 14:51:08.399648 [703, 128, -1982, -2486]
2021-10-05 14:51:09.407385 [708, 145, -1973, -2490]
2021-10-05 14:51:10.510429 [690, 136, -1982, -2490]
2021-10-05 14:51:11.516742 [713, 136, -1961, -2497]
2021-10-05 14:51:12.627181 [711, 156, -1990, -2495]
2021-10-05 14:51:13.726802 [708, 156, -1982, -2487]
2021-10-05 14:51:14.837571 [703, 156, -1980, -2501]
2021-10-05 14:51:15.947570 [718, 156, -1977, -2495]
2021-10-05 14:51:17.051020 [721, 147, -1982, -2497]
2021-10-05 14:51:18.160897 [703, 152, -1968, -2492]
2021-10-05 14:51:19.270900 [701, 161, -1980, -2506]
2021-10-05 14:51:20.374170 [716, 145, -1985, -2502]
2021-10-05 14:51:21.478124 [713, 145, -1956, -2493]
2021-10-05 14:51:22.588220 [701, 133, -1982, -2491]
2021-10-05 14:51:23.696957 [690, 147, -1982, -2484]
2021-10-05 14:51:24.806644 [716, 161, -1987, -2487]
2021-10-05 14:51:25.912514 [721, 147, -1977, -2486]
2021-10-05 14:51:27.022556 [711, 156, -1958, -2492]
2021-10-05 14:51:28.224931 [703, 145, -1987, -2497]
2021-10-05 14:51:29.335016 [718, 140, -1968, -2492]
2021-10-05 14:51:30.340428 [718, 121, -1968, -2500]
2021-10-05 14:51:31.443703 [698, 145, -1987, -2501]
2021-10-05 14:51:32.461633 [695, 145, -1977, -2494]
2021-10-05 14:51:33.560828 [716, 150, -1958, -2504]
2021-10-05 14:51:34.568604 [713, 156, -1980, -2498]
2021-10-05 14:51:35.678540 [708, 150, -1971, -2495]
2021-10-05 14:51:36.686270 [716, 150, -1958, -2499]
2021-10-05 14:51:37.796237 [706, 133, -1961, -2495]
2021-10-05 14:51:38.803675 [701, 131, -1961, -2490]
2021-10-05 14:51:39.902789 [713, 158, -1958, -2496]
2021-10-05 14:51:40.908259 [695, 126, -1977, -2490]
2021-10-05 14:51:42.018182 [711, 147, -1977, -2506]
2021-10-05 14:51:43.025973 [711, 145, -1973, -2500]
2021-10-05 14:51:44.136746 [708, 152, -1980, -2487]
2021-10-05 14:51:45.144548 [701, 158, -1980, -2495]
2021-10-05 14:51:46.243794 [703, 131, -1977, -2499]
2021-10-05 14:51:47.249236 [706, 140, -1971, -2493]
2021-10-05 14:51:48.359101 [703, 145, -1966, -2493]
[Errno 121] Remote I/O error
sleep and continue
[Errno 121] Remote I/O error
sleep and continue
2021-10-05 14:51:51.378641 [713, 126, -2001, -2495]
2021-10-05 14:51:52.488642 [706, 147, -1987, -2504]
[Errno 121] Remote I/O error
sleep and continue
[Errno 121] Remote I/O error
sleep and continue
2021-10-05 14:51:55.814453 [703, 136, -1992, -2494]
2021-10-05 14:51:56.913757 [721, 142, -1961, -2497]
2021-10-05 14:51:57.919158 [716, 156, -1990, -2492]
2021-10-05 14:51:59.029079 [716, 128, -1992, -2504]
2021-10-05 14:52:00.036879 [692, 150, -1950, -2497]
2021-10-05 14:52:01.140605 [713, 142, -1980, -2496]
2021-10-05 14:52:02.145963 [721, 145, -1980, -2493]
2021-10-05 14:52:03.252146 [718, 123, -1961, -2499]
[Errno 121] Remote I/O error
sleep and continue
[Errno 121] Remote I/O error
sleep and continue
2021-10-05 14:52:06.376253 [695, 136, -1985, -2499]
2021-10-05 14:52:07.486184 [698, 150, -1971, -2508]
2021-10-05 14:52:08.585865 [718, 145, -1980, -2501]
2021-10-05 14:52:09.695793 [711, 150, -1968, -2501]
[Errno 121] Remote I/O error
sleep and continue
2021-10-05 14:52:11.912818 [713, 145, -1982, -2498]
2021-10-05 14:52:13.011901 [703, 145, -1973, -2493]
2021-10-05 14:52:14.121853 [698, 140, -1971, -2494]
2021-10-05 14:52:15.231817 [708, 156, -1985, -2498]
2021-10-05 14:52:16.341789 [716, 128, -1987, -2497]
2021-10-05 14:52:17.445225 [708, 166, -1982, -2503]
2021-10-05 14:52:18.552358 [718, 140, -1980, -2501]
2021-10-05 14:52:19.662638 [727, 152, -1971, -2502]
2021-10-05 14:52:20.762838 [698, 133, -1973, -2501]
2021-10-05 14:52:21.872735 [708, 147, -1953, -2504]
2021-10-05 14:52:22.984340 [711, 145, -1977, -2502]
2021-10-05 14:52:24.083556 [708, 140, -1971, -2499]
2021-10-05 14:52:25.092139 [708, 136, -1971, -2505]
2021-10-05 14:52:26.202209 [713, 133, -1971, -2499]
2021-10-05 14:52:27.404785 [708, 152, -1971, -2499]
2021-10-05 14:52:28.514796 [706, 145, -1980, -2499]
2021-10-05 14:52:29.522606 [701, 152, -1987, -2498]
2021-10-05 14:52:30.625936 [701, 142, -1973, -2500]
2021-10-05 14:52:31.633623 [716, 142, -1966, -2501]
2021-10-05 14:52:32.737055 [701, 126, -1980, -2499]
2021-10-05 14:52:33.744735 [706, 152, -2003, -2499]
2021-10-05 14:52:34.854893 [708, 145, -1985, -2511]
2021-10-05 14:52:35.964781 [725, 150, -1973, -2498]
2021-10-05 14:52:37.074695 [732, 147, -1961, -2503]
[Errno 121] Remote I/O error
sleep and continue
[Errno 121] Remote I/O error
sleep and continue
2021-10-05 14:52:40.289491 [718, 152, -1987, -2508]
2021-10-05 14:52:41.403296 [701, 142, -1985, -2492]
2021-10-05 14:52:42.513167 [716, 147, -1958, -2502]
WARNING:root:Magnetic sensor overflow.
2021-10-05 14:52:43.618310 [711, 133, -1997, -2500]
2021-10-05 14:52:44.718068 [711, 161, -1971, -2493]
2021-10-05 14:52:45.827939 [718, 156, -1968, -2512]
2021-10-05 14:52:46.936067 [695, 126, -1982, -2499]
2021-10-05 14:52:48.039639 [711, 150, -1953, -2502]
2021-10-05 14:52:49.149464 [713, 145, -1966, -2507]
[Errno 121] Remote I/O error
sleep and continue
[Errno 121] Remote I/O error
sleep and continue
2021-10-05 14:52:52.388690 [708, 150, -1971, -2498]
2021-10-05 14:52:53.478439 [713, 131, -1985, -2510]
2021-10-05 14:52:54.486911 [703, 136, -1990, -2504]
2021-10-05 14:52:55.595476 [692, 147, -1971, -2510]
[Errno 121] Remote I/O error
sleep and continue
[Errno 121] Remote I/O error
sleep and continue
[Errno 121] Remote I/O error
sleep and continue
2021-10-05 14:52:59.716683 [698, 145, -1995, -2505]
2021-10-05 14:53:00.831056 [725, 161, -1982, -2512]
2021-10-05 14:53:01.940917 [701, 136, -1973, -2496]
2021-10-05 14:53:03.041634 [692, 136, -1980, -2509]
2021-10-05 14:53:04.145059 [718, 147, -1971, -2505]
2021-10-05 14:53:05.154167 [682, 123, -1961, -2509]
2021-10-05 14:53:06.264545 [698, 145, -1973, -2514]
2021-10-05 14:53:07.270056 [703, 136, -1992, -2517]
2021-10-05 14:53:08.380038 [708, 136, -1977, -2511]
2021-10-05 14:53:09.489997 [716, 156, -1973, -2519]
[Errno 121] Remote I/O error
sleep and continue
2021-10-05 14:53:11.700038 [732, 136, -1980, -2501]
2021-10-05 14:53:12.810066 [706, 131, -1973, -2510]
2021-10-05 14:53:13.918719 [711, 152, -1971, -2507]
2021-10-05 14:53:15.017881 [706, 133, -1980, -2502]
2021-10-05 14:53:16.128623 [703, 131, -1982, -2508]
2021-10-05 14:53:17.235571 [701, 158, -1966, -2512]
2021-10-05 14:53:18.339040 [713, 147, -1966, -2504]
2021-10-05 14:53:19.448882 [708, 136, -1971, -2512]
2021-10-05 14:53:20.551249 [718, 156, -1980, -2506]
2021-10-05 14:53:21.770064 [687, 126, -2001, -2496]
2021-10-05 14:53:22.879302 [718, 150, -1968, -2501]
2021-10-05 14:53:23.887124 [718, 147, -1977, -2502]
2021-10-05 14:53:24.985600 [698, 133, -1977, -2512]
2021-10-05 14:53:25.993394 [701, 140, -1973, -2513]
2021-10-05 14:53:27.103476 [711, 142, -1987, -2502]
2021-10-05 14:53:28.111215 [708, 136, -1977, -2512]
2021-10-05 14:53:29.220191 [718, 145, -1987, -2514]
2021-10-05 14:53:30.225639 [718, 140, -1990, -2508]
2021-10-05 14:53:31.328925 [721, 147, -1963, -2507]
[Errno 121] Remote I/O error
sleep and continue
2021-10-05 14:53:33.437307 [698, 115, -1990, -2515]
2021-10-05 14:53:34.547225 [713, 142, -1963, -2518]
2021-10-05 14:53:35.656760 [701, 152, -1987, -2500]
[Errno 121] Remote I/O error
sleep and continue
[Errno 121] Remote I/O error
sleep and continue
2021-10-05 14:53:38.877995 [713, 142, -1971, -2502]
[Errno 121] Remote I/O error
sleep and continue
2021-10-05 14:53:41.089689 [708, 140, -1977, -2500]
2021-10-05 14:53:42.203691 [703, 156, -1977, -2504]
2021-10-05 14:53:43.313991 [698, 133, -1973, -2507]
2021-10-05 14:53:44.517040 [716, 140, -1977, -2506]
2021-10-05 14:53:45.626872 [703, 136, -1985, -2503]
2021-10-05 14:53:46.634668 [718, 145, -1961, -2510]
2021-10-05 14:53:47.733819 [708, 140, -1977, -2509]
2021-10-05 14:53:48.739195 [703, 150, -1985, -2506]
2021-10-05 14:53:49.849462 [708, 147, -1985, -2505]
2021-10-05 14:53:50.854880 [725, 142, -1990, -2511]
2021-10-05 14:53:51.958276 [716, 145, -1963, -2515]
2021-10-05 14:53:53.068173 [706, 142, -1977, -2509]
2021-10-05 14:53:54.178189 [708, 136, -1990, -2508]
2021-10-05 14:53:55.288985 [701, 123, -1990, -2508]
2021-10-05 14:53:56.393439 [706, 136, -1985, -2510]
2021-10-05 14:53:57.503366 [682, 140, -1985, -2503]
2021-10-05 14:53:58.601125 [706, 123, -1971, -2502]
2021-10-05 14:53:59.710996 [698, 133, -1985, -2514]
2021-10-05 14:54:00.814302 [703, 163, -1980, -2512]
2021-10-05 14:54:01.924244 [711, 142, -1980, -2507]
2021-10-05 14:54:03.033149 [718, 136, -1973, -2504]
2021-10-05 14:54:04.136659 [706, 133, -1985, -2512]
2021-10-05 14:54:05.240690 [706, 156, -1982, -2510]
2021-10-05 14:54:06.354837 [718, 126, -1997, -2508]
2021-10-05 14:54:07.459366 [687, 131, -1977, -2518]
2021-10-05 14:54:08.569351 [706, 145, -1980, -2513]
2021-10-05 14:54:09.772571 [690, 121, -1990, -2523]
2021-10-05 14:54:10.876112 [703, 147, -1973, -2507]
2021-10-05 14:54:11.884433 [701, 136, -1956, -2506]
2021-10-05 14:54:12.993618 [692, 145, -1973, -2513]
2021-10-05 14:54:14.001418 [695, 128, -1977, -2511]
2021-10-05 14:54:15.100561 [713, 145, -1973, -2515]
2021-10-05 14:54:16.108313 [718, 150, -1982, -2510]
2021-10-05 14:54:17.218554 [727, 142, -1987, -2517]
2021-10-05 14:54:18.226362 [698, 136, -1982, -2515]
2021-10-05 14:54:19.329740 [698, 133, -1980, -2511]
2021-10-05 14:54:20.335074 [698, 115, -1992, -2506]
2021-10-05 14:54:21.438565 [701, 142, -1995, -2511]
2021-10-05 14:54:22.446496 [711, 156, -1950, -2517]
2021-10-05 14:54:23.556660 [716, 140, -1985, -2508]
2021-10-05 14:54:24.564413 [711, 140, -1985, -2519]
2021-10-05 14:54:25.664576 [711, 150, -1971, -2522]
2021-10-05 14:54:26.672418 [703, 131, -1971, -2507]
2021-10-05 14:54:27.783904 [716, 147, -1982, -2510]
2021-10-05 14:54:28.795377 [713, 150, -1968, -2509]
2021-10-05 14:54:29.896250 [706, 128, -2001, -2508]
2021-10-05 14:54:30.901697 [711, 140, -1990, -2512]
2021-10-05 14:54:32.011638 [701, 150, -1987, -2510]
2021-10-05 14:54:33.019396 [713, 145, -1982, -2512]
2021-10-05 14:54:34.122765 [701, 133, -1987, -2511]
2021-10-05 14:54:35.130450 [711, 136, -1980, -2507]
2021-10-05 14:54:36.229581 [711, 142, -1968, -2502]
2021-10-05 14:54:37.237375 [708, 133, -1985, -2513]
2021-10-05 14:54:38.347701 [690, 131, -1968, -2513]
2021-10-05 14:54:39.355570 [725, 142, -1990, -2507]
2021-10-05 14:54:40.458915 [701, 142, -1982, -2511]
2021-10-05 14:54:41.464247 [701, 136, -1966, -2516]
2021-10-05 14:54:42.574187 [716, 136, -1973, -2517]
2021-10-05 14:54:43.581935 [685, 123, -1971, -2508]
2021-10-05 14:54:44.681094 [716, 136, -1980, -2509]
2021-10-05 14:54:45.688868 [711, 142, -1985, -2500]
2021-10-05 14:54:46.798885 [727, 140, -1987, -2510]
2021-10-05 14:54:47.806686 [721, 117, -1977, -2506]
2021-10-05 14:54:48.906293 [706, 128, -1995, -2512]
2021-10-05 14:54:49.914073 [727, 166, -1977, -2514]
2021-10-05 14:54:51.018492 [711, 147, -1968, -2511]
2021-10-05 14:54:52.026223 [725, 123, -1947, -2507]
2021-10-05 14:54:53.136277 [703, 133, -1995, -2515]
2021-10-05 14:54:54.142210 [713, 136, -1987, -2511]
2021-10-05 14:54:55.252235 [711, 131, -1985, -2506]
2021-10-05 14:54:56.257651 [703, 142, -1973, -2509]
2021-10-05 14:54:57.366301 [713, 133, -1968, -2511]
2021-10-05 14:54:58.371713 [721, 142, -1985, -2507]
2021-10-05 14:54:59.470793 [695, 133, -1987, -2511]
2021-10-05 14:55:00.576415 [698, 150, -2006, -2510]
2021-10-05 14:55:01.686322 [701, 140, -1980, -2514]
2021-10-05 14:55:02.797234 [718, 142, -1973, -2500]
2021-10-05 14:55:03.900700 [711, 110, -1997, -2515]
2021-10-05 14:55:05.010643 [708, 126, -1968, -2503]
2021-10-05 14:55:06.114203 [725, 150, -1980, -2510]
2021-10-05 14:55:07.223485 [721, 152, -1963, -2514]
2021-10-05 14:55:08.333375 [701, 142, -1980, -2517]
2021-10-05 14:55:09.432498 [713, 147, -1971, -2519]
2021-10-05 14:55:10.535920 [701, 136, -1992, -2513]
[Errno 121] Remote I/O error
sleep and continue
2021-10-05 14:55:12.646732 [703, 142, -2001, -2516]
2021-10-05 14:55:13.753835 [708, 140, -1977, -2512]
2021-10-05 14:55:14.863956 [716, 133, -1987, -2513]
2021-10-05 14:55:15.974133 [695, 133, -1997, -2518]
2021-10-05 14:55:17.079991 [690, 126, -1985, -2510]
2021-10-05 14:55:18.189940 [718, 147, -1973, -2517]
2021-10-05 14:55:19.390768 [730, 140, -1992, -2515]
2021-10-05 14:55:20.504616 [732, 131, -2003, -2519]
2021-10-05 14:55:21.509939 [713, 147, -1963, -2522]
2021-10-05 14:55:22.619873 [727, 112, -1995, -2521]
2021-10-05 14:55:23.626574 [713, 150, -1980, -2515]
2021-10-05 14:55:24.725985 [725, 136, -1961, -2516]
2021-10-05 14:55:25.733736 [703, 142, -1987, -2517]
2021-10-05 14:55:26.844183 [685, 112, -1985, -2517]
2021-10-05 14:55:27.851986 [706, 145, -1982, -2522]
2021-10-05 14:55:28.962635 [708, 126, -1980, -2524]
2021-10-05 14:55:29.971242 [713, 128, -1985, -2516]
2021-10-05 14:55:31.065614 [706, 121, -1973, -2513]
2021-10-05 14:55:32.073319 [713, 142, -1977, -2517]
2021-10-05 14:55:33.183675 [718, 128, -1977, -2524]
2021-10-05 14:55:34.287807 [706, 133, -1985, -2514]
2021-10-05 14:55:35.397860 [685, 133, -2006, -2514]
2021-10-05 14:55:36.507885 [701, 133, -1982, -2516]
2021-10-05 14:55:37.617846 [698, 126, -1995, -2517]
2021-10-05 14:55:38.716979 [706, 133, -1971, -2514]
2021-10-05 14:55:39.826911 [713, 147, -1950, -2518]
2021-10-05 14:55:40.930603 [698, 110, -1997, -2514]
2021-10-05 14:55:42.040528 [708, 136, -1977, -2520]
2021-10-05 14:55:43.150538 [725, 112, -1992, -2526]
2021-10-05 14:55:44.253420 [706, 131, -1977, -2511]
2021-10-05 14:55:45.363270 [721, 152, -1966, -2511]
2021-10-05 14:55:46.469702 [708, 110, -1987, -2521]
2021-10-05 14:55:47.579688 [708, 136, -1977, -2519]
2021-10-05 14:55:48.685951 [698, 150, -1953, -2520]
2021-10-05 14:55:49.789945 [711, 133, -2001, -2518]
2021-10-05 14:55:50.901344 [701, 150, -1963, -2513]
2021-10-05 14:55:52.011153 [713, 136, -1971, -2519]
2021-10-05 14:55:53.017026 [692, 123, -1997, -2517]
2021-10-05 14:55:54.126447 [701, 128, -1980, -2520]
2021-10-05 14:55:55.329240 [708, 142, -1973, -2509]
[Errno 121] Remote I/O error
sleep and continue
[Errno 121] Remote I/O error
sleep and continue
2021-10-05 14:55:58.444813 [716, 152, -1980, -2515]
2021-10-05 14:55:59.554589 [701, 140, -1982, -2520]
2021-10-05 14:56:00.668804 [721, 136, -1980, -2523]
2021-10-05 14:56:01.768074 [703, 121, -1982, -2525]
2021-10-05 14:56:02.877763 [716, 147, -1966, -2527]
[Errno 121] Remote I/O error
sleep and continue
[Errno 121] Remote I/O error
sleep and continue
2021-10-05 14:56:05.893979 [698, 133, -1977, -2530]
2021-10-05 14:56:07.003946 [711, 145, -1985, -2522]
2021-10-05 14:56:08.113924 [701, 145, -1968, -2526]
2021-10-05 14:56:09.218787 [701, 136, -1985, -2525]
2021-10-05 14:56:10.322344 [690, 123, -1987, -2519]
[Errno 121] Remote I/O error
sleep and continue
[Errno 121] Remote I/O error
sleep and continue
2021-10-05 14:56:13.544567 [698, 140, -1985, -2526]
2021-10-05 14:56:14.655227 [725, 140, -1977, -2522]
2021-10-05 14:56:15.753125 [711, 128, -1968, -2515]
2021-10-05 14:56:16.863546 [713, 140, -1968, -2520]
2021-10-05 14:56:17.975412 [695, 128, -1961, -2522]
2021-10-05 14:56:19.074627 [708, 140, -1980, -2530]
2021-10-05 14:56:20.084832 [721, 145, -1973, -2512]
2021-10-05 14:56:21.188542 [701, 126, -1980, -2522]
2021-10-05 14:56:22.294182 [708, 121, -1982, -2526]
2021-10-05 14:56:23.404220 [685, 131, -1997, -2519]
2021-10-05 14:56:24.409004 [701, 136, -1997, -2526]
2021-10-05 14:56:25.518997 [718, 150, -1980, -2524]
2021-10-05 14:56:26.526742 [713, 145, -2001, -2535]
2021-10-05 14:56:27.625844 [698, 133, -1990, -2530]
2021-10-05 14:56:28.633608 [732, 147, -1961, -2523]
2021-10-05 14:56:29.743613 [713, 136, -1982, -2524]
2021-10-05 14:56:30.749062 [695, 128, -1968, -2529]
2021-10-05 14:56:31.859018 [711, 140, -1980, -2532]
2021-10-05 14:56:32.866811 [703, 128, -1985, -2525]
2021-10-05 14:56:33.970450 [701, 145, -1968, -2516]
2021-10-05 14:56:34.978240 [706, 112, -1963, -2519]
2021-10-05 14:56:36.077503 [685, 131, -1990, -2517]
2021-10-05 14:56:37.085359 [703, 145, -1987, -2518]
2021-10-05 14:56:38.189190 [711, 128, -1980, -2528]
2021-10-05 14:56:39.194646 [695, 128, -1980, -2520]
2021-10-05 14:56:40.300771 [701, 126, -1990, -2516]
2021-10-05 14:56:41.306118 [695, 115, -1995, -2519]
2021-10-05 14:56:42.415950 [708, 123, -1990, -2522]
2021-10-05 14:56:43.423737 [703, 128, -1977, -2526]
2021-10-05 14:56:44.533828 [718, 140, -1982, -2526]
2021-10-05 14:56:45.539276 [716, 152, -2008, -2519]
2021-10-05 14:56:46.638421 [706, 117, -1980, -2526]
2021-10-05 14:56:47.646166 [718, 147, -1982, -2518]
2021-10-05 14:56:48.756098 [711, 156, -1963, -2519]
2021-10-05 14:56:49.763919 [703, 123, -1995, -2534]
2021-10-05 14:56:50.869465 [708, 136, -1968, -2521]
2021-10-05 14:56:51.875066 [708, 123, -1995, -2524]
2021-10-05 14:56:52.984997 [706, 131, -1987, -2524]
2021-10-05 14:56:53.992823 [711, 136, -1990, -2514]
2021-10-05 14:56:55.091957 [708, 147, -1973, -2516]
2021-10-05 14:56:56.097344 [706, 142, -1985, -2520]
2021-10-05 14:56:57.206438 [706, 152, -1980, -2518]
2021-10-05 14:56:58.211839 [701, 140, -1977, -2519]
2021-10-05 14:56:59.321714 [725, 145, -1971, -2523]
[Errno 121] Remote I/O error
sleep and continue
2021-10-05 14:57:01.441098 [701, 145, -1987, -2517]
2021-10-05 14:57:02.550997 [711, 128, -1990, -2521]
2021-10-05 14:57:03.650296 [716, 136, -1980, -2526]
2021-10-05 14:57:04.760382 [727, 128, -1995, -2527]
2021-10-05 14:57:05.863955 [721, 142, -1980, -2520]
2021-10-05 14:57:06.972494 [695, 142, -1982, -2524]
2021-10-05 14:57:08.082398 [711, 136, -1971, -2524]
2021-10-05 14:57:09.192341 [716, 128, -1973, -2529]
2021-10-05 14:57:10.297171 [711, 133, -1987, -2517]
2021-10-05 14:57:11.400483 [713, 156, -1980, -2529]
2021-10-05 14:57:12.514803 [695, 133, -1990, -2532]
2021-10-05 14:57:13.624636 [708, 136, -1992, -2530]
2021-10-05 14:57:14.833136 [706, 117, -1997, -2521]
2021-10-05 14:57:15.932287 [706, 131, -1966, -2520]
2021-10-05 14:57:16.940087 [732, 133, -1982, -2530]
2021-10-05 14:57:18.050347 [713, 115, -1997, -2524]
[Errno 121] Remote I/O error
sleep and continue
2021-10-05 14:57:20.160192 [706, 126, -1982, -2522]
2021-10-05 14:57:21.165608 [713, 136, -1987, -2529]
2021-10-05 14:57:22.273476 [716, 142, -1987, -2524]
2021-10-05 14:57:23.382894 [721, 142, -2001, -2526]
2021-10-05 14:57:24.492834 [711, 145, -1973, -2519]
2021-10-05 14:57:25.603103 [672, 136, -1987, -2521]
2021-10-05 14:57:26.702365 [742, 145, -1982, -2524]
2021-10-05 14:57:27.812256 [698, 136, -1963, -2516]
2021-10-05 14:57:28.922628 [716, 128, -1980, -2521]
2021-10-05 14:57:30.032698 [692, 131, -1992, -2517]
2021-10-05 14:57:31.232099 [711, 131, -1973, -2518]
2021-10-05 14:57:32.338167 [703, 131, -1990, -2519]
2021-10-05 14:57:33.444297 [703, 107, -1982, -2525]
2021-10-05 14:57:34.554193 [716, 142, -1982, -2519]
2021-10-05 14:57:35.664560 [753, 133, -1997, -2536]
2021-10-05 14:57:36.775306 [672, 131, -1982, -2530]
2021-10-05 14:57:37.881028 [716, 121, -1992, -2524]
2021-10-05 14:57:38.991543 [721, 131, -1973, -2524]
2021-10-05 14:57:40.098342 [677, 128, -1987, -2523]
2021-10-05 14:57:41.202636 [735, 142, -1995, -2527]
[Errno 121] Remote I/O error
sleep and continue
2021-10-05 14:57:43.411371 [737, 136, -1968, -2530]
2021-10-05 14:57:44.521261 [721, 156, -1977, -2528]
2021-10-05 14:57:45.631236 [672, 117, -1995, -2522]
2021-10-05 14:57:46.741295 [735, 142, -1977, -2526]
2021-10-05 14:57:47.852501 [692, 133, -1985, -2518]
2021-10-05 14:57:48.951733 [703, 121, -2003, -2543]
2021-10-05 14:57:49.959359 [740, 121, -1992, -2531]
2021-10-05 14:57:51.063742 [685, 140, -1985, -2519]
2021-10-05 14:57:52.175067 [735, 126, -1977, -2522]
2021-10-05 14:57:53.285109 [713, 121, -1985, -2518]
2021-10-05 14:57:54.391208 [711, 126, -1985, -2524]
2021-10-05 14:57:55.501254 [747, 131, -1997, -2523]
2021-10-05 14:57:56.605223 [685, 133, -1968, -2529]
2021-10-05 14:57:57.715596 [735, 133, -1973, -2522]
2021-10-05 14:57:58.917888 [695, 133, -1973, -2519]
2021-10-05 14:58:00.029143 [716, 150, -1980, -2522]
2021-10-05 14:58:01.134462 [742, 142, -1963, -2519]
2021-10-05 14:58:02.244327 [672, 128, -1973, -2523]
2021-10-05 14:58:03.355385 [708, 136, -1982, -2523]
2021-10-05 14:58:04.455245 [713, 128, -1980, -2523]
2021-10-05 14:58:05.565919 [721, 133, -1971, -2527]
2021-10-05 14:58:06.670039 [745, 158, -1968, -2523]
2021-10-05 14:58:07.780014 [677, 140, -1968, -2524]
2021-10-05 14:58:08.889990 [740, 145, -1977, -2520]
2021-10-05 14:58:10.000020 [703, 131, -1982, -2534]
2021-10-05 14:58:11.199312 [711, 152, -1977, -2525]
2021-10-05 14:58:12.313533 [740, 142, -1985, -2516]
2021-10-05 14:58:13.321284 [677, 117, -2008, -2523]
2021-10-05 14:58:14.420528 [742, 126, -1992, -2530]
2021-10-05 14:58:15.432224 [711, 142, -1995, -2526]
2021-10-05 14:58:16.542375 [716, 133, -1985, -2533]
2021-10-05 14:58:17.550218 [721, 123, -1992, -2528]
2021-10-05 14:58:18.649441 [668, 145, -1973, -2521]
2021-10-05 14:58:19.657182 [730, 107, -1997, -2524]
2021-10-05 14:58:20.760496 [725, 161, -1973, -2525]
2021-10-05 14:58:21.776936 [701, 123, -1971, -2525]
2021-10-05 14:58:22.886816 [703, 117, -1977, -2534]
[Errno 121] Remote I/O error
sleep and continue
[Errno 121] Remote I/O error
sleep and continue
2021-10-05 14:58:26.000285 [706, 110, -1977, -2531]
2021-10-05 14:58:27.110406 [711, 133, -1995, -2535]
2021-10-05 14:58:28.220442 [742, 107, -1987, -2522]
2021-10-05 14:58:29.330407 [666, 145, -1990, -2531]
2021-10-05 14:58:30.433863 [725, 136, -1980, -2525]
2021-10-05 14:58:31.540768 [718, 131, -1987, -2532]
2021-10-05 14:58:32.650726 [701, 128, -1992, -2528]
2021-10-05 14:58:33.750084 [703, 142, -1977, -2528]
2021-10-05 14:58:34.860139 [698, 110, -1977, -2523]
2021-10-05 14:58:35.970790 [725, 128, -1995, -2522]
2021-10-05 14:58:37.075409 [727, 142, -1973, -2530]
2021-10-05 14:58:38.287992 [698, 128, -1992, -2530]
2021-10-05 14:58:39.388879 [725, 150, -1982, -2524]
2021-10-05 14:58:40.492929 [690, 115, -1971, -2530]
2021-10-05 14:58:41.612416 [703, 131, -1980, -2531]
2021-10-05 14:58:42.711595 [708, 128, -1992, -2526]
2021-10-05 14:58:43.821765 [725, 145, -1982, -2525]
2021-10-05 14:58:44.931705 [703, 131, -1982, -2527]
2021-10-05 14:58:46.032686 [713, 123, -1985, -2533]
2021-10-05 14:58:47.142963 [716, 140, -1971, -2534]
2021-10-05 14:58:48.253038 [698, 123, -1990, -2527]
2021-10-05 14:58:49.363299 [703, 107, -1973, -2536]
2021-10-05 14:58:50.562707 [711, 126, -1968, -2526]
[Errno 121] Remote I/O error
sleep and continue
[Errno 121] Remote I/O error
sleep and continue
2021-10-05 14:58:53.684144 [690, 123, -1977, -2530]
2021-10-05 14:58:54.794291 [727, 140, -1997, -2529]
2021-10-05 14:58:55.902249 [716, 123, -1985, -2533]
2021-10-05 14:58:57.010744 [711, 126, -1997, -2529]
2021-10-05 14:58:58.114076 [708, 128, -1977, -2524]
2021-10-05 14:58:59.223979 [718, 133, -1973, -2533]
2021-10-05 14:59:00.328310 [718, 128, -1987, -2524]
2021-10-05 14:59:01.442092 [708, 117, -1997, -2527]
2021-10-05 14:59:02.551985 [708, 147, -1982, -2528]
2021-10-05 14:59:03.651181 [718, 128, -1973, -2524]
2021-10-05 14:59:04.761237 [721, 142, -1973, -2526]
2021-10-05 14:59:05.871206 [706, 131, -1980, -2532]
2021-10-05 14:59:07.072162 [713, 140, -1980, -2518]
2021-10-05 14:59:08.181298 [737, 136, -1985, -2526]
2021-10-05 14:59:09.189003 [735, 140, -1973, -2529]
2021-10-05 14:59:10.292402 [792, 140, -1968, -2529]
2021-10-05 14:59:11.297863 [835, 126, -1966, -2524]
2021-10-05 14:59:12.414721 [880, 126, -1968, -2530]
[Errno 121] Remote I/O error
sleep and continue
[Errno 121] Remote I/O error
sleep and continue
2021-10-05 14:59:15.425848 [926, 117, -1887, -2522]
2021-10-05 14:59:16.540752 [902, 131, -1821, -2530]
2021-10-05 14:59:17.651982 [871, 133, -1761, -2530]
2021-10-05 14:59:18.761866 [856, 166, -1657, -2528]
2021-10-05 14:59:19.862951 [840, 201, -1507, -2523]
2021-10-05 14:59:20.966800 [845, 255, -1352, -2528]
2021-10-05 14:59:22.075897 [845, 306, -1165, -2519]
[Errno 121] Remote I/O error
sleep and continue
2021-10-05 14:59:24.189541 [821, 355, -846, -2522]
2021-10-05 14:59:25.299431 [780, 417, -640, -2527]
2021-10-05 14:59:26.409463 [730, 460, -390, -2526]
2021-10-05 14:59:27.519418 [642, 522, -91, -2512]
2021-10-05 14:59:28.618734 [503, 597, 352, -2513]
2021-10-05 14:59:29.825964 [435, 690, 611, -2529]
2021-10-05 14:59:30.930204 [341, 718, 822, -2526]
2021-10-05 14:59:31.937964 [282, 767, 1025, -2528]
2021-10-05 14:59:33.048161 [186, 818, 1283, -2515]
2021-10-05 14:59:34.055979 [81, 888, 1583, -2514]
2021-10-05 14:59:35.165968 [-36, 972, 1921, -2529]
2021-10-05 14:59:36.173888 [-222, 1010, 2298, -2520]
2021-10-05 14:59:37.268192 [-427, 1117, 2678, -2527]
2021-10-05 14:59:38.286764 [-618, 1180, 2981, -2524]
2021-10-05 14:59:39.385612 [-876, 1271, 3371, -2519]
2021-10-05 14:59:40.390995 [-1090, 1301, 3656, -2520]
2021-10-05 14:59:41.507953 [-1517, 1382, 4072, -2528]
2021-10-05 14:59:42.618467 [-1827, 1485, 4373, -2528]
2021-10-05 14:59:43.718647 [-2158, 1546, 4602, -2530]
2021-10-05 14:59:44.829841 [-2455, 1576, 4740, -2526]
2021-10-05 14:59:45.929025 [-2718, 1606, 4818, -2523]
2021-10-05 14:59:47.039077 [-2926, 1618, 4842, -2523]
2021-10-05 14:59:48.148998 [-3138, 1590, 4795, -2525]
2021-10-05 14:59:49.259012 [-3322, 1538, 4713, -2522]
2021-10-05 14:59:50.363244 [-3496, 1503, 4597, -2534]
2021-10-05 14:59:51.466503 [-3692, 1450, 4413, -2518]
2021-10-05 14:59:52.580538 [-3818, 1401, 4202, -2529]
2021-10-05 14:59:53.690498 [-3873, 1350, 4062, -2520]
2021-10-05 14:59:54.789699 [-3897, 1296, 3893, -2523]
2021-10-05 14:59:55.898228 [-3937, 1263, 3696, -2534]
2021-10-05 14:59:57.004724 [-3950, 1175, 3480, -2523]
2021-10-05 14:59:58.108057 [-3937, 1145, 3287, -2527]
2021-10-05 14:59:59.321575 [-3890, 1010, 2805, -2520]
2021-10-05 15:00:00.424725 [-3800, 905, 2477, -2523]
2021-10-05 15:00:01.430218 [-3732, 818, 2208, -2516]
2021-10-05 15:00:02.545332 [-3687, 730, 1882, -2518]
2021-10-05 15:00:03.655324 [-3561, 673, 1633, -2532]
2021-10-05 15:00:04.765715 [-3467, 587, 1331, -2522]
2021-10-05 15:00:05.864880 [-3320, 536, 1020, -2523]
2021-10-05 15:00:06.974793 [-3117, 478, 701, -2528]
2021-10-05 15:00:08.078352 [-2933, 417, 435, -2529]
2021-10-05 15:00:09.188313 [-2755, 408, 207, -2518]
2021-10-05 15:00:10.291944 [-2552, 366, -12, -2524]
2021-10-05 15:00:11.395208 [-2406, 325, -152, -2522]
2021-10-05 15:00:12.505047 [-2266, 280, -331, -2527]
2021-10-05 15:00:13.608481 [-2080, 247, -518, -2523]
WARNING:root:Magnetic sensor overflow.
2021-10-05 15:00:14.723274 [-1915, 207, -653, -2530]
2021-10-05 15:00:15.928954 [-1765, 201, -785, -2529]
2021-10-05 15:00:17.038863 [-1693, 166, -846, -2520]
[Errno 121] Remote I/O error
sleep and continue
2021-10-05 15:00:19.144971 [-1541, 158, -961, -2529]
2021-10-05 15:00:20.248368 [-1423, 182, -1012, -2523]
2021-10-05 15:00:21.362135 [-1371, 131, -1072, -2525]
2021-10-05 15:00:22.469651 [-1218, 126, -1175, -2518]
2021-10-05 15:00:23.579641 [-1097, 93, -1260, -2530]
2021-10-05 15:00:24.678904 [-1013, 56, -1312, -2533]
2021-10-05 15:00:25.788867 [-921, 63, -1367, -2524]
2021-10-05 15:00:26.899042 [-845, 45, -1420, -2515]
2021-10-05 15:00:28.002716 [-787, 66, -1438, -2528]
2021-10-05 15:00:29.112826 [-732, 45, -1495, -2526]
2021-10-05 15:00:30.216167 [-645, 82, -1512, -2524]
2021-10-05 15:00:31.319479 [-551, 101, -1545, -2525]
2021-10-05 15:00:32.527245 [-456, 93, -1602, -2526]
2021-10-05 15:00:33.637222 [-356, 98, -1618, -2524]
2021-10-05 15:00:34.645005 [-317, 107, -1666, -2532]
2021-10-05 15:00:35.754946 [-248, 98, -1668, -2535]
2021-10-05 15:00:36.762694 [-175, 91, -1692, -2541]
2021-10-05 15:00:37.867573 [-112, 88, -1707, -2537]
2021-10-05 15:00:38.875293 [-65, 112, -1726, -2532]
2021-10-05 15:00:39.985298 [-57, 110, -1731, -2531]
2021-10-05 15:00:41.089490 [-17, 117, -1728, -2537]
2021-10-05 15:00:42.199565 [5, 121, -1733, -2533]
2021-10-05 15:00:43.299089 [60, 98, -1763, -2527]
2021-10-05 15:00:44.409022 [112, 112, -1773, -2526]
2021-10-05 15:00:45.518941 [153, 105, -1790, -2537]
2021-10-05 15:00:46.629069 [207, 86, -1847, -2523]
2021-10-05 15:00:47.728806 [272, 63, -1850, -2537]
2021-10-05 15:00:48.838926 [280, 61, -1866, -2531]
2021-10-05 15:00:49.948978 [303, 50, -1892, -2530]
2021-10-05 15:00:51.053032 [320, 50, -1890, -2534]
2021-10-05 15:00:52.162933 [348, 66, -1923, -2525]
2021-10-05 15:00:53.267478 [367, 72, -1916, -2527]
2021-10-05 15:00:54.376123 [441, 103, -1926, -2531]
2021-10-05 15:00:55.589458 [525, 121, -1961, -2530]
2021-10-05 15:00:56.688744 [601, 136, -1977, -2526]
2021-10-05 15:00:57.696755 [645, 128, -2008, -2526]
2021-10-05 15:00:58.807074 [677, 126, -2025, -2524]
2021-10-05 15:00:59.814837 [740, 133, -2027, -2523]
2021-10-05 15:01:00.918383 [761, 107, -2016, -2525]
2021-10-05 15:01:01.926083 [761, 121, -2016, -2535]
2021-10-05 15:01:03.036059 [790, 140, -1968, -2521]
2021-10-05 15:01:04.043840 [808, 131, -1997, -2524]
2021-10-05 15:01:05.143015 [816, 126, -1958, -2521]
2021-10-05 15:01:06.150854 [856, 136, -1950, -2524]
2021-10-05 15:01:07.260958 [858, 133, -1921, -2531]
2021-10-05 15:01:08.266428 [895, 163, -1911, -2527]
2021-10-05 15:01:09.376356 [923, 140, -1876, -2524]
2021-10-05 15:01:10.479751 [955, 136, -1845, -2526]
2021-10-05 15:01:11.586953 [947, 123, -1745, -2531]
2021-10-05 15:01:12.697866 [935, 133, -1668, -2528]
2021-10-05 15:01:13.808439 [916, 158, -1588, -2530]
2021-10-05 15:01:14.907578 [850, 166, -1452, -2528]
2021-10-05 15:01:16.010911 [800, 210, -1243, -2530]
2021-10-05 15:01:17.124773 [787, 293, -1043, -2530]
2021-10-05 15:01:18.228024 [758, 352, -811, -2529]
2021-10-05 15:01:19.337953 [718, 436, -595, -2525]
2021-10-05 15:01:20.441401 [682, 478, -345, -2526]
2021-10-05 15:01:21.558509 [658, 501, -102, -2533]
2021-10-05 15:01:22.760031 [558, 597, 260, -2523]
2021-10-05 15:01:23.863420 [443, 678, 656, -2524]
2021-10-05 15:01:24.977052 [293, 772, 1038, -2530]
2021-10-05 15:01:26.086987 [98, 867, 1473, -2518]
2021-10-05 15:01:27.186093 [15, 910, 1713, -2520]
2021-10-05 15:01:28.296100 [-83, 972, 1935, -2522]
2021-10-05 15:01:29.406125 [-201, 1026, 2180, -2529]
2021-10-05 15:01:30.509455 [-362, 1082, 2480, -2520]
2021-10-05 15:01:31.612673 [-463, 1166, 2755, -2517]
